<?xml version="1.0" encoding="UTF-8"?>
<!-- Generated by org.testng.reporters.JUnitReportReporter -->
<testsuite hostname="SAIKIRANJRV" name="day8.GetUser" tests="1" failures="0" timestamp="18 Mar 2023 05:53:07 GMT" time="0.605" errors="0">
  <testcase name="testGetUser" time="0.605" classname="day8.GetUser"/>
</testsuite> <!-- day8.GetUser -->
