<?xml version="1.0" encoding="UTF-8"?>
<!-- Generated by org.testng.reporters.JUnitReportReporter -->
<testsuite hostname="SAIKIRANJRV" name="day8.DeleteUser" tests="1" failures="0" timestamp="18 Mar 2023 05:53:07 GMT" time="0.488" errors="0">
  <testcase name="testDeleteUser" time="0.488" classname="day8.DeleteUser"/>
</testsuite> <!-- day8.DeleteUser -->
