<?xml version="1.0" encoding="UTF-8"?>
<!-- Generated by org.testng.reporters.JUnitReportReporter -->
<testsuite hostname="SAIKIRANJRV" name="day3.Cookies" tests="1" failures="0" timestamp="21 Mar 2023 14:38:09 GMT" time="2.259" errors="0">
  <testcase name="getValueOfCookies" time="2.259" classname="day3.Cookies"/>
</testsuite> <!-- day3.Cookies -->
