<?xml version="1.0" encoding="UTF-8"?>
<!-- Generated by org.testng.reporters.JUnitReportReporter -->
<testsuite hostname="SAIKIRANJRV" name="day2.DifferentWaysToCreatePostRequestBody" tests="2" failures="0" timestamp="16 Feb 2023 11:14:24 GMT" time="8.904" errors="0">
  <testcase name="PostByMap" time="6.759" classname="day2.DifferentWaysToCreatePostRequestBody"/>
  <testcase name="deleteByMap" time="2.145" classname="day2.DifferentWaysToCreatePostRequestBody"/>
</testsuite> <!-- day2.DifferentWaysToCreatePostRequestBody -->
