<?xml version="1.0" encoding="UTF-8"?>
<!-- Generated by org.testng.reporters.JUnitReportReporter -->
<testsuite hostname="SAIKIRANJRV" name="day3.log" tests="1" failures="0" timestamp="21 Mar 2023 14:38:09 GMT" time="31.403" errors="0">
  <testcase name="getUser" time="31.403" classname="day3.log"/>
</testsuite> <!-- day3.log -->
