<?xml version="1.0" encoding="UTF-8"?>
<!-- Generated by org.testng.reporters.JUnitReportReporter -->
<testsuite hostname="SAIKIRANJRV" name="day3.Headers" tests="1" failures="0" timestamp="21 Mar 2023 14:38:09 GMT" time="0.941" errors="0">
  <testcase name="header" time="0.941" classname="day3.Headers"/>
</testsuite> <!-- day3.Headers -->
