<?xml version="1.0" encoding="UTF-8"?>
<!-- Generated by org.testng.reporters.JUnitReportReporter -->
<testsuite hostname="SAIKIRANJRV" name="day8.CreateUser" tests="1" failures="0" timestamp="18 Mar 2023 05:53:07 GMT" time="6.785" errors="0">
  <testcase name="testCreateUser" time="6.785" classname="day8.CreateUser"/>
</testsuite> <!-- day8.CreateUser -->
