<?xml version="1.0" encoding="UTF-8"?>
<!-- Generated by org.testng.reporters.JUnitReportReporter -->
<testsuite hostname="SAIKIRANJRV" name="day3.PathAndQuaryParameters" tests="1" failures="0" timestamp="21 Mar 2023 14:38:09 GMT" time="1.813" errors="0">
  <testcase name="testPathAndQuaryParameters" time="1.813" classname="day3.PathAndQuaryParameters"/>
</testsuite> <!-- day3.PathAndQuaryParameters -->
