<?xml version="1.0" encoding="UTF-8"?>
<!-- Generated by org.testng.reporters.JUnitReportReporter -->
<testsuite hostname="SAIKIRANJRV" name="day6.Serilization" tests="2" failures="0" timestamp="17 Sep 2023 06:19:34 GMT" time="0.324" errors="0">
  <testcase name="convertPOJO2JSON" time="0.289" classname="day6.Serilization"/>
  <testcase name="convertjson2Pojo" time="0.035" classname="day6.Serilization"/>
</testsuite> <!-- day6.Serilization -->
