<?xml version="1.0" encoding="UTF-8"?>
<!-- Generated by org.testng.reporters.JUnitReportReporter -->
<testsuite hostname="SAIKIRANJRV" name="day7.Autentication" tests="2" failures="0" timestamp="18 Mar 2023 05:39:54 GMT" time="27.765" errors="0">
  <testcase name="digestAuth" time="23.943" classname="day7.Autentication"/>
  <testcase name="preemtiveAuth" time="3.822" classname="day7.Autentication"/>
</testsuite> <!-- day7.Autentication -->
