<?xml version="1.0" encoding="UTF-8"?>
<!-- Generated by org.testng.reporters.JUnitReportReporter -->
<testsuite hostname="SAIKIRANJRV" name="day5.ParsingXmlResponse" tests="2" failures="0" timestamp="13 Mar 2023 13:08:22 GMT" time="5.869" errors="0">
  <testcase name="testXmlResponseApproach2" time="5.543" classname="day5.ParsingXmlResponse"/>
  <testcase name="testXmlResponseApproach3" time="0.326" classname="day5.ParsingXmlResponse"/>
</testsuite> <!-- day5.ParsingXmlResponse -->
