<?xml version="1.0" encoding="UTF-8"?>
<!-- Generated by org.testng.reporters.JUnitReportReporter -->
<testsuite hostname="SAIKIRANJRV" name="day5.FileUploadandDownload" tests="2" failures="0" timestamp="6 Mar 2023 10:49:09 GMT" time="4.321" errors="0">
  <testcase name="multipleFileUpload" time="4.189" classname="day5.FileUploadandDownload"/>
  <testcase name="chechDownloadedFile" time="0.132" classname="day5.FileUploadandDownload"/>
</testsuite> <!-- day5.FileUploadandDownload -->
