<?xml version="1.0" encoding="UTF-8"?>
<!-- Generated by org.testng.reporters.JUnitReportReporter -->
<testsuite hostname="SAIKIRANJRV" name="day7.FakerDataGenerate" tests="1" failures="0" timestamp="17 Sep 2023 06:33:22 GMT" time="0.205" errors="0">
  <testcase name="fakerGenerate" time="0.205" classname="day7.FakerDataGenerate"/>
</testsuite> <!-- day7.FakerDataGenerate -->
