<?xml version="1.0" encoding="UTF-8"?>
<!-- Generated by org.testng.reporters.JUnitReportReporter -->
<testsuite hostname="SAIKIRANJRV" name="day8.UpdateUser" tests="1" failures="0" timestamp="18 Mar 2023 05:53:07 GMT" time="0.628" errors="0">
  <testcase name="testUpdateUser" time="0.628" classname="day8.UpdateUser"/>
</testsuite> <!-- day8.UpdateUser -->
